<?xml version="1.0" encoding="UTF-8"?>
<testsuite xmlns:xsi="http://www.w3.org/2001/XMLSchema-instance" xsi:noNamespaceSchemaLocation="https://maven.apache.org/surefire/maven-surefire-plugin/xsd/surefire-test-report.xsd" version="3.0.2" name="TestSuite" time="7.118" tests="1" errors="0" skipped="0" failures="0">
  <properties>
[...]
</properties>
  <testcase name="runScenario[&quot;To validate user is able to create the PlayList&quot;, &quot;Validate Create PlayList&quot;](1)" classname="spotifyRunner.SpotifyRunnerClass" time="5.78">
    <system-out><![CDATA[
Scenario: To validate user is able to create the PlayList     &amp#27;[90m# src/test/resources/featurePackage/SpotifyCreateUser.feature:2&amp#27;[0m
Access token generated :BQDqgywH2zE_w5ZnLYlGYC_NzuYxGfFbAHKN4b0qq8xPm-9NHetItadxEpyYbghVhkqv2fao_GxMxDbP-1k5anhX2HiiCQssQQKblbi9M8qxyS7aTPZWZxYvA_DkFg5_Ku_goO4TjiGuEypLHUOpEGLiUBByCACAfI9Fx50zgNJL8GGdqBZRk0w-B3-HxHx41zOLRa-TN4OX6qzkWB6bjAN4uKMnYjzqnUfyrOWhy6hxGh9XdL-zTx1_AHiOU6lBy6k52YrmB86WZSrmaBWlv7rhGJSW9KE_0vXWFAbw5CRfZJDqpxgF5mQgD_fBKTrZON23mYR62mGdjjIX_Vj6YNISYDeI0yM
  &amp#27;[32mGiven &amp#27;[0m&amp#27;[32mrequired payload and endpoints to create the playlist&amp#27;[0m &amp#27;[90m# SpotifyStepDefination.PlayListStep.required_payload_and_endpoints_to_create_the_playlist()&amp#27;[0m
Body:
{
    "description": "New  PlayList July",
    "name": "BollywoodHits of 2025 for July Month_2025-07-08_15:30:40.013129500",
    "public": false
}
  &amp#27;[32mWhen &amp#27;[0m&amp#27;[32mUser creates the playlist&amp#27;[0m                              &amp#27;[90m# SpotifyStepDefination.PlayListStep.user_creates_the_playlist()&amp#27;[0m
ID value is  :0CSXIt1tjSBxXLb82UJQNK
HTTP/1.1 201 Created
content-type: application/json; charset=utf-8
cache-control: private, max-age=0
x-robots-tag: noindex, nofollow
access-control-allow-origin: *
access-control-allow-headers: Accept, App-Platform, Authorization, Content-Type, Origin, Retry-After, Spotify-App-Version, X-Cloud-Trace-Context, client-token, content-access-token
access-control-allow-methods: GET, POST, OPTIONS, PUT, DELETE, PATCH
access-control-allow-credentials: true
access-control-max-age: 604800
content-encoding: gzip
strict-transport-security: max-age=31536000
x-content-type-options: nosniff
alt-svc: h3=":443"; ma=2592000,h3-29=":443"; ma=2592000
date: Tue, 08 Jul 2025 10:00:46 GMT
server: envoy
Via: HTTP/2 edgeproxy, 1.1 google
Alt-Svc: h3=":443"; ma=2592000,h3-29=":443"; ma=2592000
Transfer-Encoding: chunked

{
    "collaborative": false,
    "description": "New  PlayList July",
    "external_urls": {
        "spotify": "https://open.spotify.com/playlist/0CSXIt1tjSBxXLb82UJQNK"
    },
    "followers": {
        "href": null,
        "total": 0
    },
    "href": "https://api.spotify.com/v1/playlists/0CSXIt1tjSBxXLb82UJQNK",
    "id": "0CSXIt1tjSBxXLb82UJQNK",
    "images": [
        
    ],
    "primary_color": null,
    "name": "BollywoodHits of 2025 for July Month_2025-07-08_15:30:40.013129500",
    "type": "playlist",
    "uri": "spotify:playlist:0CSXIt1tjSBxXLb82UJQNK",
    "owner": {
        "href": "https://api.spotify.com/v1/users/31gmlrq477ksjmwpk5e46zojyt4y",
        "id": "31gmlrq477ksjmwpk5e46zojyt4y",
        "type": "user",
        "uri": "spotify:user:31gmlrq477ksjmwpk5e46zojyt4y",
        "display_name": null,
        "external_urls": {
            "spotify": "https://open.spotify.com/user/31gmlrq477ksjmwpk5e46zojyt4y"
        }
    },
    "public": false,
    "snapshot_id": "AAAATGJg2iiP083BVbRp7PPBRCmGREix",
    "tracks": {
        "limit": 100,
        "next": null,
        "offset": 0,
        "previous": null,
        "href": "https://api.spotify.com/v1/playlists/0CSXIt1tjSBxXLb82UJQNK/tracks",
        "total": 0,
        "items": [
            
        ]
    }
}
Validation Successful
  &amp#27;[32mThen &amp#27;[0m&amp#27;[32mUser should get the status code as &amp#27;[0m&amp#27;[32m&amp#27;[1m201&amp#27;[0m                 &amp#27;[90m# SpotifyStepDefination.PlayListStep.user_should_get_the_status_code_as(java.lang.Integer)&amp#27;[0m
]]></system-out>
    <system-err><![CDATA[SLF4J: Failed to load class "org.slf4j.impl.StaticLoggerBinder".
SLF4J: Defaulting to no-operation (NOP) logger implementation
SLF4J: See http://www.slf4j.org/codes.html#StaticLoggerBinder for further details.
]]></system-err>
  </testcase>
</testsuite>