<?xml version="1.0" encoding="UTF-8"?>
<testng-results ignored="0" total="1" passed="1" failed="0" skipped="0">
  <reporter-output>
  </reporter-output>
  <suite started-at="2025-07-08T15:30:39 IST" name="Suite" finished-at="2025-07-08T15:30:45 IST" duration-ms="6400">
    <groups>
      <group name="cucumber">
        <method signature="AbstractTestNGCucumberTests.runScenario(io.cucumber.testng.PickleWrapper,io.cucumber.testng.FeatureWrapper)[pri:0, instance:spotifyRunner.SpotifyRunnerClass@293a5bf6]" name="runScenario" class="io.cucumber.testng.AbstractTestNGCucumberTests"/>
      </group> <!-- cucumber -->
    </groups>
    <test started-at="2025-07-08T15:30:39 IST" name="Test" finished-at="2025-07-08T15:30:45 IST" duration-ms="6400">
      <class name="spotifyRunner.SpotifyRunnerClass">
        <test-method is-config="true" signature="setUpClass(org.testng.ITestContext)[pri:0, instance:spotifyRunner.SpotifyRunnerClass@293a5bf6]" started-at="2025-07-08T15:30:39 IST" name="setUpClass" finished-at="2025-07-08T15:30:39 IST" duration-ms="574" status="PASS">
          <params>
            <param index="0">
              <value>
                <![CDATA[org.testng.TestRunner@73a5d86c]]>
              </value>
            </param>
          </params>
          <reporter-output>
          </reporter-output>
        </test-method> <!-- setUpClass -->
        <test-method signature="runScenario(io.cucumber.testng.PickleWrapper,io.cucumber.testng.FeatureWrapper)[pri:0, instance:spotifyRunner.SpotifyRunnerClass@293a5bf6]" started-at="2025-07-08T15:30:39 IST" name="runScenario" description="Runs Cucumber Scenarios" data-provider="scenarios" finished-at="2025-07-08T15:30:45 IST" duration-ms="5779" status="PASS">
          <params>
            <param index="0">
              <value>
                <![CDATA["To validate user is able to create the PlayList"]]>
              </value>
            </param>
            <param index="1">
              <value>
                <![CDATA["Validate Create PlayList"]]>
              </value>
            </param>
          </params>
          <reporter-output>
          </reporter-output>
        </test-method> <!-- runScenario -->
        <test-method is-config="true" signature="tearDownClass()[pri:0, instance:spotifyRunner.SpotifyRunnerClass@293a5bf6]" started-at="2025-07-08T15:30:45 IST" name="tearDownClass" finished-at="2025-07-08T15:30:45 IST" duration-ms="3" status="PASS">
          <reporter-output>
          </reporter-output>
        </test-method> <!-- tearDownClass -->
      </class> <!-- spotifyRunner.SpotifyRunnerClass -->
    </test> <!-- Test -->
  </suite> <!-- Suite -->
</testng-results>
